<?xml version="1.0" encoding="UTF-8"?>
<!-- Generated by org.testng.reporters.JUnitReportReporter -->
<testsuite hostname="LAPTOP-LBKTQD0G" failures="0" tests="1" name="testpkg.FBloginpageTest" time="39.663" errors="0" timestamp="2024-03-08T11:01:29 IST" skipped="0">
  <testcase classname="testpkg.FBloginpageTest" name="credentialPass" time="39.663"/>
</testsuite> <!-- testpkg.FBloginpageTest -->
